15:04:12,327 (main) DEBUG [DataNucleus.General] - Using PluginRegistry org.datanucleus.plugin.NonManagedPluginRegistry
15:04:12,656 (main) DEBUG [DataNucleus.General] - Registering bundle org.sonatype.inject version 2.3.0 at URL file:/C:/Users/Aerylia/.m2/repository/org/sonatype/sisu/sisu-inject-bean/2.3.0/sisu-inject-bean-2.3.0.jar.
15:04:12,860 (main) DEBUG [DataNucleus.General] - Loading extension points from plug-in file jar:file:/C:/Users/Aerylia/.m2/repository/org/sonatype/sisu/sisu-inject-bean/2.3.0/sisu-inject-bean-2.3.0.jar!/plugin.xml.
15:04:12,864 (main) DEBUG [DataNucleus.General] - Loading extensions from plug-in file jar:file:/C:/Users/Aerylia/.m2/repository/org/sonatype/sisu/sisu-inject-bean/2.3.0/sisu-inject-bean-2.3.0.jar!/plugin.xml.
15:04:12,877 (main) DEBUG [DataNucleus.General] - Registering bundle org.datanucleus version 4.1.0.m3 at URL file:/C:/Users/Aerylia/.m2/repository/org/datanucleus/datanucleus-core/4.1.0-m3/datanucleus-core-4.1.0-m3.jar.
15:04:12,906 (main) DEBUG [DataNucleus.General] - Loading extension points from plug-in file jar:file:/C:/Users/Aerylia/.m2/repository/org/datanucleus/datanucleus-core/4.1.0-m3/datanucleus-core-4.1.0-m3.jar!/plugin.xml.
15:04:12,941 (main) DEBUG [DataNucleus.General] - Loading extensions from plug-in file jar:file:/C:/Users/Aerylia/.m2/repository/org/datanucleus/datanucleus-core/4.1.0-m3/datanucleus-core-4.1.0-m3.jar!/plugin.xml.
15:04:12,948 (main) DEBUG [DataNucleus.General] - Registering bundle org.datanucleus.api.jdo version 4.1.0.m3 at URL file:/C:/Users/Aerylia/.m2/repository/org/datanucleus/datanucleus-api-jdo/4.1.0-m3/datanucleus-api-jdo-4.1.0-m3.jar.
15:04:12,978 (main) DEBUG [DataNucleus.General] - Loading extension points from plug-in file jar:file:/C:/Users/Aerylia/.m2/repository/org/datanucleus/datanucleus-api-jdo/4.1.0-m3/datanucleus-api-jdo-4.1.0-m3.jar!/plugin.xml.
15:04:12,982 (main) DEBUG [DataNucleus.General] - Loading extensions from plug-in file jar:file:/C:/Users/Aerylia/.m2/repository/org/datanucleus/datanucleus-api-jdo/4.1.0-m3/datanucleus-api-jdo-4.1.0-m3.jar!/plugin.xml.
15:04:12,985 (main) DEBUG [DataNucleus.General] - Registering bundle org.datanucleus.store.rdbms version 4.1.0.m3 at URL file:/C:/Users/Aerylia/.m2/repository/org/datanucleus/datanucleus-rdbms/4.1.0-m3/datanucleus-rdbms-4.1.0-m3.jar.
15:04:13,016 (main) DEBUG [DataNucleus.General] - Loading extension points from plug-in file jar:file:/C:/Users/Aerylia/.m2/repository/org/datanucleus/datanucleus-rdbms/4.1.0-m3/datanucleus-rdbms-4.1.0-m3.jar!/plugin.xml.
15:04:13,026 (main) DEBUG [DataNucleus.General] - Loading extensions from plug-in file jar:file:/C:/Users/Aerylia/.m2/repository/org/datanucleus/datanucleus-rdbms/4.1.0-m3/datanucleus-rdbms-4.1.0-m3.jar!/plugin.xml.
15:04:13,150 (main) DEBUG [DataNucleus.Persistence] - Java types support initialising ...
15:04:13,346 (main) DEBUG [DataNucleus.Persistence] - Java types support loaded : supported java types=[B, [C, [D, [F, [I, [J, [Ljava.lang.Boolean;, [Ljava.lang.Byte;, [Ljava.lang.Character;, [Ljava.lang.Double;, [Ljava.lang.Enum;, [Ljava.lang.Float;, [Ljava.lang.Integer;, [Ljava.lang.Long;, [Ljava.lang.Number;, [Ljava.lang.Short;, [Ljava.lang.String;, [Ljava.math.BigDecimal;, [Ljava.math.BigInteger;, [Ljava.util.Date;, [Ljava.util.Locale;, [S, [Z, boolean, byte, char, double, float, int, java.awt.Color, java.awt.image.BufferedImage, java.lang.Boolean, java.lang.Byte, java.lang.Character, java.lang.Class, java.lang.Double, java.lang.Enum, java.lang.Float, java.lang.Integer, java.lang.Long, java.lang.Number, java.lang.Short, java.lang.String, java.lang.StringBuffer, java.lang.StringBuilder, java.math.BigDecimal, java.math.BigInteger, java.net.URI, java.net.URL, java.sql.Date, java.sql.Time, java.sql.Timestamp, java.util.ArrayList, java.util.Arrays$ArrayList, java.util.BitSet, java.util.Calendar, java.util.Collection, java.util.Currency, java.util.Date, java.util.GregorianCalendar, java.util.HashMap, java.util.HashSet, java.util.Hashtable, java.util.LinkedHashMap, java.util.LinkedHashSet, java.util.LinkedList, java.util.List, java.util.Locale, java.util.Map, java.util.PriorityQueue, java.util.Properties, java.util.Queue, java.util.Set, java.util.SortedMap, java.util.SortedSet, java.util.Stack, java.util.TimeZone, java.util.TreeMap, java.util.TreeSet, java.util.UUID, java.util.Vector, long, short
15:04:13,346 (main) DEBUG [DataNucleus.Persistence] - Type converter support initialising ...
15:04:13,439 (main) DEBUG [DataNucleus.Persistence] - Type converter support loaded
15:04:13,440 (main) DEBUG [DataNucleus.Persistence] - TypeConverter(s) available for byte[] to : java.nio.ByteBuffer
15:04:13,440 (main) DEBUG [DataNucleus.Persistence] - TypeConverter(s) available for char[] to : java.nio.ByteBuffer
15:04:13,440 (main) DEBUG [DataNucleus.Persistence] - TypeConverter(s) available for double[] to : java.nio.ByteBuffer
15:04:13,440 (main) DEBUG [DataNucleus.Persistence] - TypeConverter(s) available for float[] to : java.nio.ByteBuffer
15:04:13,440 (main) DEBUG [DataNucleus.Persistence] - TypeConverter(s) available for int[] to : java.nio.ByteBuffer
15:04:13,440 (main) DEBUG [DataNucleus.Persistence] - TypeConverter(s) available for long[] to : java.nio.ByteBuffer
15:04:13,440 (main) DEBUG [DataNucleus.Persistence] - TypeConverter(s) available for short[] to : java.nio.ByteBuffer
15:04:13,440 (main) DEBUG [DataNucleus.Persistence] - TypeConverter(s) available for boolean[] to : java.nio.ByteBuffer
15:04:13,440 (main) DEBUG [DataNucleus.Persistence] - TypeConverter(s) available for java.awt.Color to : int[],java.lang.String
15:04:13,441 (main) DEBUG [DataNucleus.Persistence] - TypeConverter(s) available for java.io.Serializable to : byte[],java.nio.ByteBuffer,java.lang.String
15:04:13,441 (main) DEBUG [DataNucleus.Persistence] - TypeConverter(s) available for java.lang.Boolean to : java.lang.Integer,java.lang.Character
15:04:13,441 (main) DEBUG [DataNucleus.Persistence] - TypeConverter(s) available for java.lang.Character to : java.lang.String
15:04:13,441 (main) DEBUG [DataNucleus.Persistence] - TypeConverter(s) available for java.lang.Class to : java.lang.String
15:04:13,441 (main) DEBUG [DataNucleus.Persistence] - TypeConverter(s) available for java.lang.Integer to : java.lang.String
15:04:13,441 (main) DEBUG [DataNucleus.Persistence] - TypeConverter(s) available for java.lang.Long to : java.lang.String
15:04:13,441 (main) DEBUG [DataNucleus.Persistence] - TypeConverter(s) available for java.lang.StringBuffer to : java.lang.String
15:04:13,441 (main) DEBUG [DataNucleus.Persistence] - TypeConverter(s) available for java.lang.StringBuilder to : java.lang.String
15:04:13,442 (main) DEBUG [DataNucleus.Persistence] - TypeConverter(s) available for java.math.BigDecimal to : java.lang.Double,java.nio.ByteBuffer,java.lang.String
15:04:13,442 (main) DEBUG [DataNucleus.Persistence] - TypeConverter(s) available for java.math.BigInteger to : java.lang.Long,java.nio.ByteBuffer,java.lang.String
15:04:13,442 (main) DEBUG [DataNucleus.Persistence] - TypeConverter(s) available for java.net.URI to : java.lang.String
15:04:13,442 (main) DEBUG [DataNucleus.Persistence] - TypeConverter(s) available for java.net.URL to : java.lang.String
15:04:13,442 (main) DEBUG [DataNucleus.Persistence] - TypeConverter(s) available for java.sql.Date to : java.util.Date,java.lang.Long,java.lang.String
15:04:13,442 (main) DEBUG [DataNucleus.Persistence] - TypeConverter(s) available for java.sql.Time to : java.util.Date,java.lang.Long,java.lang.String
15:04:13,442 (main) DEBUG [DataNucleus.Persistence] - TypeConverter(s) available for java.sql.Timestamp to : java.util.Date,java.lang.Long,java.lang.String
15:04:13,442 (main) DEBUG [DataNucleus.Persistence] - TypeConverter(s) available for java.util.BitSet to : java.lang.String
15:04:13,442 (main) DEBUG [DataNucleus.Persistence] - TypeConverter(s) available for java.util.Calendar to : java.util.Date,java.sql.Timestamp,[Ljava.lang.Object;,java.lang.String
15:04:13,443 (main) DEBUG [DataNucleus.Persistence] - TypeConverter(s) available for java.util.Currency to : java.lang.String
15:04:13,443 (main) DEBUG [DataNucleus.Persistence] - TypeConverter(s) available for java.util.Date to : java.lang.Long,java.lang.String
15:04:13,443 (main) DEBUG [DataNucleus.Persistence] - TypeConverter(s) available for java.util.Locale to : java.lang.String
15:04:13,443 (main) DEBUG [DataNucleus.Persistence] - TypeConverter(s) available for java.util.TimeZone to : java.lang.String
15:04:13,443 (main) DEBUG [DataNucleus.Persistence] - TypeConverter(s) available for java.util.UUID to : java.lang.String
15:04:13,446 (main) DEBUG [DataNucleus.MetaData] - MetaDataManager : Input=(XML,Annotations), XML-Validation=false, XML-Suffices=(persistence=*.jdo, orm=orm, query=*.jdoquery), JDO-listener=false
15:04:13,447 (main) INFO  [DataNucleus.Enhancer] - DataNucleus Enhancer (version 4.1.0.m3) for API "JDO"
15:04:13,447 (main) DEBUG [DataNucleus.Enhancer] - DataNucleus Enhancer : Classpath
15:04:13,447 (main) DEBUG [DataNucleus.Enhancer] - >>  C:\Users\Aerylia\.m2\repository\org\datanucleus\datanucleus-maven-plugin\4.0.0-m2\datanucleus-maven-plugin-4.0.0-m2.jar
15:04:13,449 (main) DEBUG [DataNucleus.Enhancer] - >>  C:\Users\Aerylia\.m2\repository\org\codehaus\plexus\plexus-utils\3.0.8\plexus-utils-3.0.8.jar
15:04:13,449 (main) DEBUG [DataNucleus.Enhancer] - >>  C:\Users\Aerylia\.m2\repository\org\codehaus\plexus\plexus-component-annotations\1.5.5\plexus-component-annotations-1.5.5.jar
15:04:13,449 (main) DEBUG [DataNucleus.Enhancer] - >>  C:\Users\Aerylia\.m2\repository\org\sonatype\sisu\sisu-inject-bean\2.3.0\sisu-inject-bean-2.3.0.jar
15:04:13,449 (main) DEBUG [DataNucleus.Enhancer] - >>  C:\Users\Aerylia\.m2\repository\org\sonatype\sisu\sisu-guice\3.1.0\sisu-guice-3.1.0-no_aop.jar
15:04:13,449 (main) DEBUG [DataNucleus.Enhancer] - >>  C:\Users\Aerylia\.m2\repository\org\sonatype\sisu\sisu-guava\0.9.9\sisu-guava-0.9.9.jar
15:04:13,449 (main) DEBUG [DataNucleus.Enhancer] - >>  C:\Users\Aerylia\.m2\repository\org\apache\xbean\xbean-reflect\3.4\xbean-reflect-3.4.jar
15:04:13,449 (main) DEBUG [DataNucleus.Enhancer] - >>  C:\Users\Aerylia\.m2\repository\log4j\log4j\1.2.12\log4j-1.2.12.jar
15:04:13,450 (main) DEBUG [DataNucleus.Enhancer] - >>  C:\Users\Aerylia\.m2\repository\commons-logging\commons-logging-api\1.1\commons-logging-api-1.1.jar
15:04:13,450 (main) DEBUG [DataNucleus.Enhancer] - >>  C:\Users\Aerylia\.m2\repository\com\google\collections\google-collections\1.0\google-collections-1.0.jar
15:04:13,450 (main) DEBUG [DataNucleus.Enhancer] - >>  C:\Users\Aerylia\.m2\repository\junit\junit\3.8.2\junit-3.8.2.jar
15:04:13,450 (main) DEBUG [DataNucleus.Enhancer] - >>  C:\Users\Aerylia\Documents\NetBeansProjects\LightSaverMaven\target\classes
15:04:13,450 (main) DEBUG [DataNucleus.Enhancer] - >>  C:\Users\Aerylia\.m2\repository\com\rabbitmq\amqp-client\3.4.4\amqp-client-3.4.4.jar
15:04:13,461 (main) DEBUG [DataNucleus.Enhancer] - >>  C:\Users\Aerylia\.m2\repository\org\datanucleus\datanucleus-core\4.1.0-m3\datanucleus-core-4.1.0-m3.jar
15:04:13,461 (main) DEBUG [DataNucleus.Enhancer] - >>  C:\Users\Aerylia\.m2\repository\org\datanucleus\datanucleus-api-jdo\4.1.0-m3\datanucleus-api-jdo-4.1.0-m3.jar
15:04:13,461 (main) DEBUG [DataNucleus.Enhancer] - >>  C:\Users\Aerylia\.m2\repository\javax\jdo\jdo-api\3.1\jdo-api-3.1.jar
15:04:13,462 (main) DEBUG [DataNucleus.Enhancer] - >>  C:\Users\Aerylia\.m2\repository\javax\transaction\transaction-api\1.1\transaction-api-1.1.jar
15:04:13,462 (main) DEBUG [DataNucleus.Enhancer] - >>  C:\Users\Aerylia\.m2\repository\log4j\log4j\1.2.17\log4j-1.2.17.jar
15:04:13,462 (main) DEBUG [DataNucleus.Enhancer] - >>  C:\Users\Aerylia\.m2\repository\org\datanucleus\datanucleus-rdbms\4.1.0-m3\datanucleus-rdbms-4.1.0-m3.jar
15:04:13,462 (main) DEBUG [DataNucleus.Enhancer] - >>  C:\Users\Aerylia\.m2\repository\mysql\mysql-connector-java\5.1.17\mysql-connector-java-5.1.17.jar
15:04:13,463 (main) DEBUG [DataNucleus.Enhancer] - Enhancing classes
15:04:13,482 (main) DEBUG [DataNucleus.MetaData] - Parsing MetaData file "file:/C:/Users/Aerylia/Documents/NetBeansProjects/LightSaverMaven/target/classes/META-INF/persistence.xml" using handler "persistence" (validation="false")
15:04:13,584 (main) DEBUG [DataNucleus.MetaData] - MetaData Management : Loading Metadata for persistence-unit "StateLog" ...
15:04:13,783 (main) DEBUG [DataNucleus.MetaData] - Class "com.github.cc007.lightsaver.datacontroller.storage.Entry" has been specified with JDO annotations so using those.
15:04:13,849 (main) DEBUG [DataNucleus.MetaData] - Class "com.github.cc007.lightsaver.datacontroller.storage.StateLog" has been specified with JDO annotations so using those.
15:04:13,850 (main) DEBUG [DataNucleus.MetaData] - Populating all MetaData ...
15:04:13,856 (main) DEBUG [DataNucleus.MetaData] - Class "com.github.cc007.lightsaver.datacontroller.storage.Entry" : Populating Meta-Data
15:04:13,857 (main) DEBUG [DataNucleus.MetaData] - Class "com.github.cc007.lightsaver.datacontroller.storage.Entry" field "clientId" : Adding Meta-Data for field since it didnt appear in the Meta-Data definition.
15:04:13,857 (main) DEBUG [DataNucleus.MetaData] - Class "com.github.cc007.lightsaver.datacontroller.storage.Entry" field "price" : Adding Meta-Data for field since it didnt appear in the Meta-Data definition.
15:04:13,858 (main) DEBUG [DataNucleus.MetaData] - Class "com.github.cc007.lightsaver.datacontroller.storage.Entry" field "date" : Adding Meta-Data for field since it didnt appear in the Meta-Data definition.
15:04:13,860 (main) DEBUG [DataNucleus.MetaData] - Class "com.github.cc007.lightsaver.datacontroller.storage.StateLog" : Populating Meta-Data
15:04:13,861 (main) DEBUG [DataNucleus.MetaData] - Class "com.github.cc007.lightsaver.datacontroller.storage.StateLog" field "logs" : Adding Meta-Data for field since it didnt appear in the Meta-Data definition.
15:04:13,867 (main) DEBUG [DataNucleus.MetaData] - Initialising all MetaData ...
15:04:13,868 (main) DEBUG [DataNucleus.MetaData] - Class "com.github.cc007.lightsaver.datacontroller.storage.Entry" : Initialising Meta-Data
15:04:13,872 (main) DEBUG [DataNucleus.MetaData] - Class "com.github.cc007.lightsaver.datacontroller.storage.StateLog" : Initialising Meta-Data
15:04:13,873 (main) DEBUG [DataNucleus.MetaData] - MetaData Management : Load of Metadata complete
15:04:13,891 (main) DEBUG [DataNucleus.Enhancer] - Enhance of class "com.github.cc007.lightsaver.datacontroller.storage.Entry" starting ...
15:04:13,924 (main) DEBUG [DataNucleus.Enhancer] - Class "com.github.cc007.lightsaver.datacontroller.storage.Entry" doesnt implement the interface "org.datanucleus.enhancement.Persistable" but is required
15:04:13,924 (main) DEBUG [DataNucleus.Enhancer] - Class "com.github.cc007.lightsaver.datacontroller.storage.Entry" doesnt have field "dnStateManager" but is required
15:04:13,924 (main) DEBUG [DataNucleus.Enhancer] - Class "com.github.cc007.lightsaver.datacontroller.storage.Entry" doesnt have field "dnInheritedFieldCount" but is required
15:04:13,924 (main) DEBUG [DataNucleus.Enhancer] - Class "com.github.cc007.lightsaver.datacontroller.storage.Entry" doesnt have field "dnFlags" but is required
15:04:13,924 (main) DEBUG [DataNucleus.Enhancer] - Class "com.github.cc007.lightsaver.datacontroller.storage.Entry" doesnt have field "dnFieldTypes" but is required
15:04:13,924 (main) DEBUG [DataNucleus.Enhancer] - Class "com.github.cc007.lightsaver.datacontroller.storage.Entry" doesnt have field "dnFieldNames" but is required
15:04:13,925 (main) DEBUG [DataNucleus.Enhancer] - Class "com.github.cc007.lightsaver.datacontroller.storage.Entry" doesnt have field "dnFieldFlags" but is required
15:04:13,925 (main) DEBUG [DataNucleus.Enhancer] - Class "com.github.cc007.lightsaver.datacontroller.storage.Entry" doesnt have field "dnPersistableSuperclass" but is required
15:04:13,925 (main) DEBUG [DataNucleus.Enhancer] - Class "com.github.cc007.lightsaver.datacontroller.storage.Entry" doesnt have method "dnReplaceField" but is required
15:04:13,925 (main) DEBUG [DataNucleus.Enhancer] - Class "com.github.cc007.lightsaver.datacontroller.storage.Entry" doesnt have method "dnIsTransactional" but is required
15:04:13,925 (main) DEBUG [DataNucleus.Enhancer] - Class "com.github.cc007.lightsaver.datacontroller.storage.Entry" doesnt have method "dnNewInstance" but is required
15:04:13,925 (main) DEBUG [DataNucleus.Enhancer] - Class "com.github.cc007.lightsaver.datacontroller.storage.Entry" doesnt have method "dnNewInstance" but is required
15:04:13,925 (main) DEBUG [DataNucleus.Enhancer] - Class "com.github.cc007.lightsaver.datacontroller.storage.Entry" doesnt have method "dnSuperClone" but is required
15:04:13,925 (main) DEBUG [DataNucleus.Enhancer] - Class "com.github.cc007.lightsaver.datacontroller.storage.Entry" doesnt have method "dnProvideFields" but is required
15:04:13,925 (main) DEBUG [DataNucleus.Enhancer] - Class "com.github.cc007.lightsaver.datacontroller.storage.Entry" doesnt have method "___dn$loadClass" but is required
15:04:13,925 (main) DEBUG [DataNucleus.Enhancer] - Class "com.github.cc007.lightsaver.datacontroller.storage.Entry" doesnt have method "dnGetManagedFieldCount" but is required
15:04:13,926 (main) DEBUG [DataNucleus.Enhancer] - Class "com.github.cc007.lightsaver.datacontroller.storage.Entry" doesnt have method "dnIsDirty" but is required
15:04:13,926 (main) DEBUG [DataNucleus.Enhancer] - Class "com.github.cc007.lightsaver.datacontroller.storage.Entry" doesnt have method "dnReplaceStateManager" but is required
15:04:13,926 (main) DEBUG [DataNucleus.Enhancer] - Class "com.github.cc007.lightsaver.datacontroller.storage.Entry" doesnt have method "dnReplaceFlags" but is required
15:04:13,926 (main) DEBUG [DataNucleus.Enhancer] - Class "com.github.cc007.lightsaver.datacontroller.storage.Entry" doesnt have method "dnIsDetached" but is required
15:04:13,926 (main) DEBUG [DataNucleus.Enhancer] - Class "com.github.cc007.lightsaver.datacontroller.storage.Entry" doesnt have method "dnMakeDirty" but is required
15:04:13,926 (main) DEBUG [DataNucleus.Enhancer] - Class "com.github.cc007.lightsaver.datacontroller.storage.Entry" doesnt have method "__dnPersistableSuperclassInit" but is required
15:04:13,926 (main) DEBUG [DataNucleus.Enhancer] - Class "com.github.cc007.lightsaver.datacontroller.storage.Entry" doesnt have method "dnIsDeleted" but is required
15:04:13,926 (main) DEBUG [DataNucleus.Enhancer] - Class "com.github.cc007.lightsaver.datacontroller.storage.Entry" doesnt have method "__dnFieldFlagsInit" but is required
15:04:13,926 (main) DEBUG [DataNucleus.Enhancer] - Class "com.github.cc007.lightsaver.datacontroller.storage.Entry" doesnt have method "__dnFieldTypesInit" but is required
15:04:13,926 (main) DEBUG [DataNucleus.Enhancer] - Class "com.github.cc007.lightsaver.datacontroller.storage.Entry" doesnt have method "dnProvideField" but is required
15:04:13,926 (main) DEBUG [DataNucleus.Enhancer] - Class "com.github.cc007.lightsaver.datacontroller.storage.Entry" doesnt have method "dnPreSerialize" but is required
15:04:13,926 (main) DEBUG [DataNucleus.Enhancer] - Class "com.github.cc007.lightsaver.datacontroller.storage.Entry" doesnt have method "dnGetObjectId" but is required
15:04:13,927 (main) DEBUG [DataNucleus.Enhancer] - Class "com.github.cc007.lightsaver.datacontroller.storage.Entry" doesnt have method "dnGetVersion" but is required
15:04:13,927 (main) DEBUG [DataNucleus.Enhancer] - Class "com.github.cc007.lightsaver.datacontroller.storage.Entry" doesnt have method "dnGetTransactionalObjectId" but is required
15:04:13,927 (main) DEBUG [DataNucleus.Enhancer] - Class "com.github.cc007.lightsaver.datacontroller.storage.Entry" doesnt have method "dnIsNew" but is required
15:04:13,927 (main) DEBUG [DataNucleus.Enhancer] - Class "com.github.cc007.lightsaver.datacontroller.storage.Entry" doesnt have method "dnCopyKeyFieldsToObjectId" but is required
15:04:13,927 (main) DEBUG [DataNucleus.Enhancer] - Class "com.github.cc007.lightsaver.datacontroller.storage.Entry" doesnt have method "dnCopyKeyFieldsToObjectId" but is required
15:04:13,927 (main) DEBUG [DataNucleus.Enhancer] - Class "com.github.cc007.lightsaver.datacontroller.storage.Entry" doesnt have method "dnCopyField" but is required
15:04:13,927 (main) DEBUG [DataNucleus.Enhancer] - Class "com.github.cc007.lightsaver.datacontroller.storage.Entry" doesnt have method "dnCopyKeyFieldsFromObjectId" but is required
15:04:13,927 (main) DEBUG [DataNucleus.Enhancer] - Class "com.github.cc007.lightsaver.datacontroller.storage.Entry" doesnt have method "dnCopyKeyFieldsFromObjectId" but is required
15:04:13,927 (main) DEBUG [DataNucleus.Enhancer] - Class "com.github.cc007.lightsaver.datacontroller.storage.Entry" doesnt have method "dnGetExecutionContext" but is required
15:04:13,927 (main) DEBUG [DataNucleus.Enhancer] - Class "com.github.cc007.lightsaver.datacontroller.storage.Entry" doesnt have method "dnCopyFields" but is required
15:04:13,927 (main) DEBUG [DataNucleus.Enhancer] - Class "com.github.cc007.lightsaver.datacontroller.storage.Entry" doesnt have method "__dnGetInheritedFieldCount" but is required
15:04:13,927 (main) DEBUG [DataNucleus.Enhancer] - Class "com.github.cc007.lightsaver.datacontroller.storage.Entry" doesnt have method "dnNewObjectIdInstance" but is required
15:04:13,927 (main) DEBUG [DataNucleus.Enhancer] - Class "com.github.cc007.lightsaver.datacontroller.storage.Entry" doesnt have method "dnNewObjectIdInstance" but is required
15:04:13,927 (main) DEBUG [DataNucleus.Enhancer] - Class "com.github.cc007.lightsaver.datacontroller.storage.Entry" doesnt have method "dnIsPersistent" but is required
15:04:13,928 (main) DEBUG [DataNucleus.Enhancer] - Class "com.github.cc007.lightsaver.datacontroller.storage.Entry" doesnt have method "dnReplaceFields" but is required
15:04:13,928 (main) DEBUG [DataNucleus.Enhancer] - Class "com.github.cc007.lightsaver.datacontroller.storage.Entry" doesnt have method "__dnFieldNamesInit" but is required
15:04:13,941 (main) DEBUG [DataNucleus.Enhancer] - Adding interface: org.datanucleus.enhancement.Persistable
15:04:13,947 (main) DEBUG [DataNucleus.Enhancer] - Enhancing original method com.github.cc007.lightsaver.datacontroller.storage.Entry.<init> : omitting enhance of set of field "com.github.cc007.lightsaver.datacontroller.storage.Entry.clientId"
15:04:13,947 (main) DEBUG [DataNucleus.Enhancer] - Enhancing original method com.github.cc007.lightsaver.datacontroller.storage.Entry.<init> : omitting enhance of set of field "com.github.cc007.lightsaver.datacontroller.storage.Entry.price"
15:04:13,947 (main) DEBUG [DataNucleus.Enhancer] - Enhancing original method com.github.cc007.lightsaver.datacontroller.storage.Entry.<init> : omitting enhance of set of field "com.github.cc007.lightsaver.datacontroller.storage.Entry.date"
15:04:13,947 (main) DEBUG [DataNucleus.Enhancer] - Enhancing original method com.github.cc007.lightsaver.datacontroller.storage.Entry.<init> : omitting enhance of set of field "com.github.cc007.lightsaver.datacontroller.storage.Entry.clientId"
15:04:13,947 (main) DEBUG [DataNucleus.Enhancer] - Enhancing original method com.github.cc007.lightsaver.datacontroller.storage.Entry.<init> : omitting enhance of set of field "com.github.cc007.lightsaver.datacontroller.storage.Entry.price"
15:04:13,947 (main) DEBUG [DataNucleus.Enhancer] - Enhancing original method com.github.cc007.lightsaver.datacontroller.storage.Entry.getId changing field "com.github.cc007.lightsaver.datacontroller.storage.Entry.id" for call to "dnGetid()"
15:04:13,948 (main) DEBUG [DataNucleus.Enhancer] - Enhancing original method com.github.cc007.lightsaver.datacontroller.storage.Entry.getClientId changing field "com.github.cc007.lightsaver.datacontroller.storage.Entry.clientId" for call to "dnGetclientId()"
15:04:13,948 (main) DEBUG [DataNucleus.Enhancer] - Enhancing original method com.github.cc007.lightsaver.datacontroller.storage.Entry.getPrice changing field "com.github.cc007.lightsaver.datacontroller.storage.Entry.price" for call to "dnGetprice()"
15:04:13,948 (main) DEBUG [DataNucleus.Enhancer] - Enhancing original method com.github.cc007.lightsaver.datacontroller.storage.Entry.setName changing field "com.github.cc007.lightsaver.datacontroller.storage.Entry.clientId" for call to "dnSetclientId()"
15:04:13,948 (main) DEBUG [DataNucleus.Enhancer] - Enhancing original method com.github.cc007.lightsaver.datacontroller.storage.Entry.setPrice changing field "com.github.cc007.lightsaver.datacontroller.storage.Entry.price" for call to "dnSetprice()"
15:04:13,948 (main) DEBUG [DataNucleus.Enhancer] - Enhancing original method com.github.cc007.lightsaver.datacontroller.storage.Entry.getDate changing field "com.github.cc007.lightsaver.datacontroller.storage.Entry.date" for call to "dnGetdate()"
15:04:13,948 (main) DEBUG [DataNucleus.Enhancer] - Enhancing original method com.github.cc007.lightsaver.datacontroller.storage.Entry.setDate changing field "com.github.cc007.lightsaver.datacontroller.storage.Entry.date" for call to "dnSetdate()"
15:04:13,948 (main) DEBUG [DataNucleus.Enhancer] - Enhancing original method com.github.cc007.lightsaver.datacontroller.storage.Entry.toString changing field "com.github.cc007.lightsaver.datacontroller.storage.Entry.id" for call to "dnGetid()"
15:04:13,949 (main) DEBUG [DataNucleus.Enhancer] - Enhancing original method com.github.cc007.lightsaver.datacontroller.storage.Entry.toString changing field "com.github.cc007.lightsaver.datacontroller.storage.Entry.clientId" for call to "dnGetclientId()"
15:04:13,949 (main) DEBUG [DataNucleus.Enhancer] - Enhancing original method com.github.cc007.lightsaver.datacontroller.storage.Entry.toString changing field "com.github.cc007.lightsaver.datacontroller.storage.Entry.date" for call to "dnGetdate()"
15:04:13,949 (main) DEBUG [DataNucleus.Enhancer] - Adding field "org.datanucleus.enhancement.StateManager dnStateManager"
15:04:13,949 (main) DEBUG [DataNucleus.Enhancer] - Adding field "byte dnFlags"
15:04:13,949 (main) DEBUG [DataNucleus.Enhancer] - Adding field "[B dnFieldFlags"
15:04:13,949 (main) DEBUG [DataNucleus.Enhancer] - Adding field "java.lang.Class dnPersistableSuperclass"
15:04:13,949 (main) DEBUG [DataNucleus.Enhancer] - Adding field "[Ljava.lang.Class; dnFieldTypes"
15:04:13,949 (main) DEBUG [DataNucleus.Enhancer] - Adding field "[Ljava.lang.String; dnFieldNames"
15:04:13,949 (main) DEBUG [DataNucleus.Enhancer] - Adding field "int dnInheritedFieldCount"
15:04:13,951 (main) DEBUG [DataNucleus.Enhancer] - Adding method "void <clinit>()"
15:04:13,952 (main) DEBUG [DataNucleus.Enhancer] - Adding constructor "com.github.cc007.lightsaver.datacontroller.storage.Entry()"
15:04:13,954 (main) DEBUG [DataNucleus.Enhancer] - Adding method "void dnCopyKeyFieldsFromObjectId(interface org.datanucleus.enhancement.Persistable$ObjectIdFieldConsumer fc, class java.lang.Object oid)"
15:04:13,955 (main) DEBUG [DataNucleus.Enhancer] - Adding method "void dnCopyKeyFieldsFromObjectId(class java.lang.Object oid)"
15:04:13,955 (main) DEBUG [DataNucleus.Enhancer] - Adding method "void dnCopyKeyFieldsToObjectId(class java.lang.Object oid)"
15:04:13,955 (main) DEBUG [DataNucleus.Enhancer] - Adding method "void dnCopyKeyFieldsToObjectId(interface org.datanucleus.enhancement.Persistable$ObjectIdFieldSupplier fs, class java.lang.Object oid)"
15:04:13,955 (main) DEBUG [DataNucleus.Enhancer] - Adding method "java.lang.Object dnGetObjectId()"
15:04:13,955 (main) DEBUG [DataNucleus.Enhancer] - Adding method "java.lang.Object dnGetVersion()"
15:04:13,956 (main) DEBUG [DataNucleus.Enhancer] - Adding method "void dnPreSerialize()"
15:04:13,956 (main) DEBUG [DataNucleus.Enhancer] - Adding method "org.datanucleus.enhancement.ExecutionContextReference dnGetExecutionContext()"
15:04:13,956 (main) DEBUG [DataNucleus.Enhancer] - Adding method "java.lang.Object dnGetTransactionalObjectId()"
15:04:13,957 (main) DEBUG [DataNucleus.Enhancer] - Adding method "boolean dnIsDeleted()"
15:04:13,958 (main) DEBUG [DataNucleus.Enhancer] - Adding method "boolean dnIsDirty()"
15:04:13,958 (main) DEBUG [DataNucleus.Enhancer] - Adding method "boolean dnIsNew()"
15:04:13,958 (main) DEBUG [DataNucleus.Enhancer] - Adding method "boolean dnIsPersistent()"
15:04:13,958 (main) DEBUG [DataNucleus.Enhancer] - Adding method "boolean dnIsTransactional()"
15:04:13,958 (main) DEBUG [DataNucleus.Enhancer] - Adding method "void dnMakeDirty(class java.lang.String fieldName)"
15:04:13,958 (main) DEBUG [DataNucleus.Enhancer] - Adding method "java.lang.Object dnNewObjectIdInstance()"
15:04:13,959 (main) DEBUG [DataNucleus.Enhancer] - Adding method "java.lang.Object dnNewObjectIdInstance(class java.lang.Object key)"
15:04:13,959 (main) DEBUG [DataNucleus.Enhancer] - Adding method "void dnProvideFields(class [I indices)"
15:04:13,959 (main) DEBUG [DataNucleus.Enhancer] - Adding method "void dnReplaceFields(class [I indices)"
15:04:13,959 (main) DEBUG [DataNucleus.Enhancer] - Adding method "void dnReplaceFlags()"
15:04:13,960 (main) DEBUG [DataNucleus.Enhancer] - Adding method "void dnReplaceStateManager(interface org.datanucleus.enhancement.StateManager sm)"
15:04:13,960 (main) DEBUG [DataNucleus.Enhancer] - Adding method "boolean dnIsDetached()"
15:04:13,961 (main) DEBUG [DataNucleus.Enhancer] - Adding method "org.datanucleus.enhancement.Persistable dnNewInstance(interface org.datanucleus.enhancement.StateManager sm)"
15:04:13,961 (main) DEBUG [DataNucleus.Enhancer] - Adding method "org.datanucleus.enhancement.Persistable dnNewInstance(interface org.datanucleus.enhancement.StateManager sm, class java.lang.Object obj)"
15:04:13,961 (main) DEBUG [DataNucleus.Enhancer] - Adding method "void dnReplaceField(int index)"
15:04:13,961 (main) DEBUG [DataNucleus.Enhancer] - Adding method "void dnProvideField(int index)"
15:04:13,962 (main) DEBUG [DataNucleus.Enhancer] - Adding method "void dnCopyField(class com.github.cc007.lightsaver.datacontroller.storage.Entry obj, int index)"
15:04:13,962 (main) DEBUG [DataNucleus.Enhancer] - Adding method "void dnCopyFields(class java.lang.Object obj, class [I indices)"
15:04:13,962 (main) DEBUG [DataNucleus.Enhancer] - Adding method "[Ljava.lang.String; __dnFieldNamesInit()"
15:04:13,962 (main) DEBUG [DataNucleus.Enhancer] - Adding method "[Ljava.lang.Class; __dnFieldTypesInit()"
15:04:13,962 (main) DEBUG [DataNucleus.Enhancer] - Adding method "[B __dnFieldFlagsInit()"
15:04:13,963 (main) DEBUG [DataNucleus.Enhancer] - Adding method "int __dnGetInheritedFieldCount()"
15:04:13,963 (main) DEBUG [DataNucleus.Enhancer] - Adding method "int dnGetManagedFieldCount()"
15:04:13,963 (main) DEBUG [DataNucleus.Enhancer] - Adding method "java.lang.Class __dnPersistableSuperclassInit()"
15:04:13,964 (main) DEBUG [DataNucleus.Enhancer] - Adding method "java.lang.Class ___dn$loadClass(class java.lang.String className)"
15:04:13,964 (main) DEBUG [DataNucleus.Enhancer] - Adding method "java.lang.Object dnSuperClone()"
15:04:13,965 (main) DEBUG [DataNucleus.Enhancer] - Adding method "int dnGetclientId(class com.github.cc007.lightsaver.datacontroller.storage.Entry objPC)"
15:04:13,965 (main) DEBUG [DataNucleus.Enhancer] - Adding method "void dnSetclientId(class com.github.cc007.lightsaver.datacontroller.storage.Entry objPC, int val)"
15:04:13,966 (main) DEBUG [DataNucleus.Enhancer] - Adding method "long dnGetdate(class com.github.cc007.lightsaver.datacontroller.storage.Entry objPC)"
15:04:13,966 (main) DEBUG [DataNucleus.Enhancer] - Adding method "void dnSetdate(class com.github.cc007.lightsaver.datacontroller.storage.Entry objPC, long val)"
15:04:13,966 (main) DEBUG [DataNucleus.Enhancer] - Adding method "long dnGetid(class com.github.cc007.lightsaver.datacontroller.storage.Entry objPC)"
15:04:13,967 (main) DEBUG [DataNucleus.Enhancer] - Adding method "void dnSetid(class com.github.cc007.lightsaver.datacontroller.storage.Entry objPC, long val)"
15:04:13,967 (main) DEBUG [DataNucleus.Enhancer] - Adding method "int dnGetprice(class com.github.cc007.lightsaver.datacontroller.storage.Entry objPC)"
15:04:13,967 (main) DEBUG [DataNucleus.Enhancer] - Adding method "void dnSetprice(class com.github.cc007.lightsaver.datacontroller.storage.Entry objPC, int val)"
15:04:13,968 (main) INFO  [DataNucleus.Enhancer] - Writing class file "C:\Users\Aerylia\Documents\NetBeansProjects\LightSaverMaven\target\classes\com\github\cc007\lightsaver\datacontroller\storage\Entry.class" with enhanced definition
15:04:13,971 (main) DEBUG [DataNucleus.Enhancer] - Enhance of class "com.github.cc007.lightsaver.datacontroller.storage.Entry" completed
15:04:13,971 (main) DEBUG [DataNucleus.Enhancer] - Enhance of class "com.github.cc007.lightsaver.datacontroller.storage.StateLog" starting ...
15:04:13,972 (main) DEBUG [DataNucleus.Enhancer] - Class "com.github.cc007.lightsaver.datacontroller.storage.StateLog" doesnt implement the interface "org.datanucleus.enhancement.Persistable" but is required
15:04:13,972 (main) DEBUG [DataNucleus.Enhancer] - Class "com.github.cc007.lightsaver.datacontroller.storage.StateLog" doesnt have field "dnStateManager" but is required
15:04:13,972 (main) DEBUG [DataNucleus.Enhancer] - Class "com.github.cc007.lightsaver.datacontroller.storage.StateLog" doesnt have field "dnInheritedFieldCount" but is required
15:04:13,972 (main) DEBUG [DataNucleus.Enhancer] - Class "com.github.cc007.lightsaver.datacontroller.storage.StateLog" doesnt have field "dnFlags" but is required
15:04:13,972 (main) DEBUG [DataNucleus.Enhancer] - Class "com.github.cc007.lightsaver.datacontroller.storage.StateLog" doesnt have field "dnFieldTypes" but is required
15:04:13,973 (main) DEBUG [DataNucleus.Enhancer] - Class "com.github.cc007.lightsaver.datacontroller.storage.StateLog" doesnt have field "dnFieldNames" but is required
15:04:13,973 (main) DEBUG [DataNucleus.Enhancer] - Class "com.github.cc007.lightsaver.datacontroller.storage.StateLog" doesnt have field "dnFieldFlags" but is required
15:04:13,973 (main) DEBUG [DataNucleus.Enhancer] - Class "com.github.cc007.lightsaver.datacontroller.storage.StateLog" doesnt have field "dnPersistableSuperclass" but is required
15:04:13,973 (main) DEBUG [DataNucleus.Enhancer] - Class "com.github.cc007.lightsaver.datacontroller.storage.StateLog" doesnt have method "dnReplaceField" but is required
15:04:13,973 (main) DEBUG [DataNucleus.Enhancer] - Class "com.github.cc007.lightsaver.datacontroller.storage.StateLog" doesnt have method "dnIsTransactional" but is required
15:04:13,973 (main) DEBUG [DataNucleus.Enhancer] - Class "com.github.cc007.lightsaver.datacontroller.storage.StateLog" doesnt have method "dnNewInstance" but is required
15:04:13,973 (main) DEBUG [DataNucleus.Enhancer] - Class "com.github.cc007.lightsaver.datacontroller.storage.StateLog" doesnt have method "dnNewInstance" but is required
15:04:13,973 (main) DEBUG [DataNucleus.Enhancer] - Class "com.github.cc007.lightsaver.datacontroller.storage.StateLog" doesnt have method "dnSuperClone" but is required
15:04:13,973 (main) DEBUG [DataNucleus.Enhancer] - Class "com.github.cc007.lightsaver.datacontroller.storage.StateLog" doesnt have method "dnProvideFields" but is required
15:04:13,973 (main) DEBUG [DataNucleus.Enhancer] - Class "com.github.cc007.lightsaver.datacontroller.storage.StateLog" doesnt have method "___dn$loadClass" but is required
15:04:13,973 (main) DEBUG [DataNucleus.Enhancer] - Class "com.github.cc007.lightsaver.datacontroller.storage.StateLog" doesnt have method "dnGetManagedFieldCount" but is required
15:04:13,973 (main) DEBUG [DataNucleus.Enhancer] - Class "com.github.cc007.lightsaver.datacontroller.storage.StateLog" doesnt have method "dnIsDirty" but is required
15:04:13,973 (main) DEBUG [DataNucleus.Enhancer] - Class "com.github.cc007.lightsaver.datacontroller.storage.StateLog" doesnt have method "dnReplaceStateManager" but is required
15:04:13,973 (main) DEBUG [DataNucleus.Enhancer] - Class "com.github.cc007.lightsaver.datacontroller.storage.StateLog" doesnt have method "dnReplaceFlags" but is required
15:04:13,973 (main) DEBUG [DataNucleus.Enhancer] - Class "com.github.cc007.lightsaver.datacontroller.storage.StateLog" doesnt have method "dnIsDetached" but is required
15:04:13,973 (main) DEBUG [DataNucleus.Enhancer] - Class "com.github.cc007.lightsaver.datacontroller.storage.StateLog" doesnt have method "dnMakeDirty" but is required
15:04:13,973 (main) DEBUG [DataNucleus.Enhancer] - Class "com.github.cc007.lightsaver.datacontroller.storage.StateLog" doesnt have method "__dnPersistableSuperclassInit" but is required
15:04:13,973 (main) DEBUG [DataNucleus.Enhancer] - Class "com.github.cc007.lightsaver.datacontroller.storage.StateLog" doesnt have method "dnIsDeleted" but is required
15:04:13,973 (main) DEBUG [DataNucleus.Enhancer] - Class "com.github.cc007.lightsaver.datacontroller.storage.StateLog" doesnt have method "__dnFieldFlagsInit" but is required
15:04:13,974 (main) DEBUG [DataNucleus.Enhancer] - Class "com.github.cc007.lightsaver.datacontroller.storage.StateLog" doesnt have method "__dnFieldTypesInit" but is required
15:04:13,974 (main) DEBUG [DataNucleus.Enhancer] - Class "com.github.cc007.lightsaver.datacontroller.storage.StateLog" doesnt have method "dnProvideField" but is required
15:04:13,974 (main) DEBUG [DataNucleus.Enhancer] - Class "com.github.cc007.lightsaver.datacontroller.storage.StateLog" doesnt have method "dnPreSerialize" but is required
15:04:13,974 (main) DEBUG [DataNucleus.Enhancer] - Class "com.github.cc007.lightsaver.datacontroller.storage.StateLog" doesnt have method "dnGetObjectId" but is required
15:04:13,974 (main) DEBUG [DataNucleus.Enhancer] - Class "com.github.cc007.lightsaver.datacontroller.storage.StateLog" doesnt have method "dnGetVersion" but is required
15:04:13,974 (main) DEBUG [DataNucleus.Enhancer] - Class "com.github.cc007.lightsaver.datacontroller.storage.StateLog" doesnt have method "dnGetTransactionalObjectId" but is required
15:04:13,974 (main) DEBUG [DataNucleus.Enhancer] - Class "com.github.cc007.lightsaver.datacontroller.storage.StateLog" doesnt have method "dnIsNew" but is required
15:04:13,974 (main) DEBUG [DataNucleus.Enhancer] - Class "com.github.cc007.lightsaver.datacontroller.storage.StateLog" doesnt have method "dnCopyKeyFieldsToObjectId" but is required
15:04:13,974 (main) DEBUG [DataNucleus.Enhancer] - Class "com.github.cc007.lightsaver.datacontroller.storage.StateLog" doesnt have method "dnCopyKeyFieldsToObjectId" but is required
15:04:13,974 (main) DEBUG [DataNucleus.Enhancer] - Class "com.github.cc007.lightsaver.datacontroller.storage.StateLog" doesnt have method "dnCopyField" but is required
15:04:13,974 (main) DEBUG [DataNucleus.Enhancer] - Class "com.github.cc007.lightsaver.datacontroller.storage.StateLog" doesnt have method "dnCopyKeyFieldsFromObjectId" but is required
15:04:13,974 (main) DEBUG [DataNucleus.Enhancer] - Class "com.github.cc007.lightsaver.datacontroller.storage.StateLog" doesnt have method "dnCopyKeyFieldsFromObjectId" but is required
15:04:13,974 (main) DEBUG [DataNucleus.Enhancer] - Class "com.github.cc007.lightsaver.datacontroller.storage.StateLog" doesnt have method "dnGetExecutionContext" but is required
15:04:13,974 (main) DEBUG [DataNucleus.Enhancer] - Class "com.github.cc007.lightsaver.datacontroller.storage.StateLog" doesnt have method "dnCopyFields" but is required
15:04:13,974 (main) DEBUG [DataNucleus.Enhancer] - Class "com.github.cc007.lightsaver.datacontroller.storage.StateLog" doesnt have method "__dnGetInheritedFieldCount" but is required
15:04:13,974 (main) DEBUG [DataNucleus.Enhancer] - Class "com.github.cc007.lightsaver.datacontroller.storage.StateLog" doesnt have method "dnNewObjectIdInstance" but is required
15:04:13,974 (main) DEBUG [DataNucleus.Enhancer] - Class "com.github.cc007.lightsaver.datacontroller.storage.StateLog" doesnt have method "dnNewObjectIdInstance" but is required
15:04:13,975 (main) DEBUG [DataNucleus.Enhancer] - Class "com.github.cc007.lightsaver.datacontroller.storage.StateLog" doesnt have method "dnIsPersistent" but is required
15:04:13,975 (main) DEBUG [DataNucleus.Enhancer] - Class "com.github.cc007.lightsaver.datacontroller.storage.StateLog" doesnt have method "dnReplaceFields" but is required
15:04:13,975 (main) DEBUG [DataNucleus.Enhancer] - Class "com.github.cc007.lightsaver.datacontroller.storage.StateLog" doesnt have method "__dnFieldNamesInit" but is required
15:04:13,975 (main) DEBUG [DataNucleus.Enhancer] - Adding interface: org.datanucleus.enhancement.Persistable
15:04:13,975 (main) DEBUG [DataNucleus.Enhancer] - Enhancing original method com.github.cc007.lightsaver.datacontroller.storage.StateLog.<init> : omitting enhance of set of field "com.github.cc007.lightsaver.datacontroller.storage.StateLog.name"
15:04:13,975 (main) DEBUG [DataNucleus.Enhancer] - Enhancing original method com.github.cc007.lightsaver.datacontroller.storage.StateLog.<init> : omitting enhance of set of field "com.github.cc007.lightsaver.datacontroller.storage.StateLog.logs"
15:04:13,976 (main) DEBUG [DataNucleus.Enhancer] - Enhancing original method com.github.cc007.lightsaver.datacontroller.storage.StateLog.<init> : omitting enhance of set of field "com.github.cc007.lightsaver.datacontroller.storage.StateLog.name"
15:04:13,976 (main) DEBUG [DataNucleus.Enhancer] - Enhancing original method com.github.cc007.lightsaver.datacontroller.storage.StateLog.getName changing field "com.github.cc007.lightsaver.datacontroller.storage.StateLog.name" for call to "dnGetname()"
15:04:13,976 (main) DEBUG [DataNucleus.Enhancer] - Enhancing original method com.github.cc007.lightsaver.datacontroller.storage.StateLog.getEntries changing field "com.github.cc007.lightsaver.datacontroller.storage.StateLog.logs" for call to "dnGetlogs()"
15:04:13,976 (main) DEBUG [DataNucleus.Enhancer] - Enhancing original method com.github.cc007.lightsaver.datacontroller.storage.StateLog.toString changing field "com.github.cc007.lightsaver.datacontroller.storage.StateLog.name" for call to "dnGetname()"
15:04:13,976 (main) DEBUG [DataNucleus.Enhancer] - Adding field "org.datanucleus.enhancement.StateManager dnStateManager"
15:04:13,976 (main) DEBUG [DataNucleus.Enhancer] - Adding field "byte dnFlags"
15:04:13,976 (main) DEBUG [DataNucleus.Enhancer] - Adding field "[B dnFieldFlags"
15:04:13,976 (main) DEBUG [DataNucleus.Enhancer] - Adding field "java.lang.Class dnPersistableSuperclass"
15:04:13,976 (main) DEBUG [DataNucleus.Enhancer] - Adding field "[Ljava.lang.Class; dnFieldTypes"
15:04:13,976 (main) DEBUG [DataNucleus.Enhancer] - Adding field "[Ljava.lang.String; dnFieldNames"
15:04:13,976 (main) DEBUG [DataNucleus.Enhancer] - Adding field "int dnInheritedFieldCount"
15:04:13,977 (main) DEBUG [DataNucleus.Enhancer] - Adding method "void <clinit>()"
15:04:13,977 (main) DEBUG [DataNucleus.Enhancer] - Adding constructor "com.github.cc007.lightsaver.datacontroller.storage.StateLog()"
15:04:13,977 (main) DEBUG [DataNucleus.Enhancer] - Adding method "void dnCopyKeyFieldsFromObjectId(interface org.datanucleus.enhancement.Persistable$ObjectIdFieldConsumer fc, class java.lang.Object oid)"
15:04:13,977 (main) DEBUG [DataNucleus.Enhancer] - Adding method "void dnCopyKeyFieldsFromObjectId(class java.lang.Object oid)"
15:04:13,977 (main) DEBUG [DataNucleus.Enhancer] - Adding method "void dnCopyKeyFieldsToObjectId(class java.lang.Object oid)"
15:04:13,977 (main) DEBUG [DataNucleus.Enhancer] - Adding method "void dnCopyKeyFieldsToObjectId(interface org.datanucleus.enhancement.Persistable$ObjectIdFieldSupplier fs, class java.lang.Object oid)"
15:04:13,977 (main) DEBUG [DataNucleus.Enhancer] - Adding method "java.lang.Object dnGetObjectId()"
15:04:13,977 (main) DEBUG [DataNucleus.Enhancer] - Adding method "java.lang.Object dnGetVersion()"
15:04:13,977 (main) DEBUG [DataNucleus.Enhancer] - Adding method "void dnPreSerialize()"
15:04:13,978 (main) DEBUG [DataNucleus.Enhancer] - Adding method "org.datanucleus.enhancement.ExecutionContextReference dnGetExecutionContext()"
15:04:13,978 (main) DEBUG [DataNucleus.Enhancer] - Adding method "java.lang.Object dnGetTransactionalObjectId()"
15:04:13,978 (main) DEBUG [DataNucleus.Enhancer] - Adding method "boolean dnIsDeleted()"
15:04:13,978 (main) DEBUG [DataNucleus.Enhancer] - Adding method "boolean dnIsDirty()"
15:04:13,978 (main) DEBUG [DataNucleus.Enhancer] - Adding method "boolean dnIsNew()"
15:04:13,978 (main) DEBUG [DataNucleus.Enhancer] - Adding method "boolean dnIsPersistent()"
15:04:13,978 (main) DEBUG [DataNucleus.Enhancer] - Adding method "boolean dnIsTransactional()"
15:04:13,979 (main) DEBUG [DataNucleus.Enhancer] - Adding method "void dnMakeDirty(class java.lang.String fieldName)"
15:04:13,980 (main) DEBUG [DataNucleus.Enhancer] - Adding method "java.lang.Object dnNewObjectIdInstance()"
15:04:13,980 (main) DEBUG [DataNucleus.Enhancer] - Adding method "java.lang.Object dnNewObjectIdInstance(class java.lang.Object key)"
15:04:13,980 (main) DEBUG [DataNucleus.Enhancer] - Adding method "void dnProvideFields(class [I indices)"
15:04:13,980 (main) DEBUG [DataNucleus.Enhancer] - Adding method "void dnReplaceFields(class [I indices)"
15:04:13,980 (main) DEBUG [DataNucleus.Enhancer] - Adding method "void dnReplaceFlags()"
15:04:13,980 (main) DEBUG [DataNucleus.Enhancer] - Adding method "void dnReplaceStateManager(interface org.datanucleus.enhancement.StateManager sm)"
15:04:13,980 (main) DEBUG [DataNucleus.Enhancer] - Adding method "boolean dnIsDetached()"
15:04:13,980 (main) DEBUG [DataNucleus.Enhancer] - Adding method "org.datanucleus.enhancement.Persistable dnNewInstance(interface org.datanucleus.enhancement.StateManager sm)"
15:04:13,981 (main) DEBUG [DataNucleus.Enhancer] - Adding method "org.datanucleus.enhancement.Persistable dnNewInstance(interface org.datanucleus.enhancement.StateManager sm, class java.lang.Object obj)"
15:04:13,981 (main) DEBUG [DataNucleus.Enhancer] - Adding method "void dnReplaceField(int index)"
15:04:13,981 (main) DEBUG [DataNucleus.Enhancer] - Adding method "void dnProvideField(int index)"
15:04:13,981 (main) DEBUG [DataNucleus.Enhancer] - Adding method "void dnCopyField(class com.github.cc007.lightsaver.datacontroller.storage.StateLog obj, int index)"
15:04:13,981 (main) DEBUG [DataNucleus.Enhancer] - Adding method "void dnCopyFields(class java.lang.Object obj, class [I indices)"
15:04:13,981 (main) DEBUG [DataNucleus.Enhancer] - Adding method "[Ljava.lang.String; __dnFieldNamesInit()"
15:04:13,981 (main) DEBUG [DataNucleus.Enhancer] - Adding method "[Ljava.lang.Class; __dnFieldTypesInit()"
15:04:13,982 (main) DEBUG [DataNucleus.Enhancer] - Adding method "[B __dnFieldFlagsInit()"
15:04:13,982 (main) DEBUG [DataNucleus.Enhancer] - Adding method "int __dnGetInheritedFieldCount()"
15:04:13,982 (main) DEBUG [DataNucleus.Enhancer] - Adding method "int dnGetManagedFieldCount()"
15:04:13,982 (main) DEBUG [DataNucleus.Enhancer] - Adding method "java.lang.Class __dnPersistableSuperclassInit()"
15:04:13,982 (main) DEBUG [DataNucleus.Enhancer] - Adding method "java.lang.Class ___dn$loadClass(class java.lang.String className)"
15:04:13,982 (main) DEBUG [DataNucleus.Enhancer] - Adding method "java.lang.Object dnSuperClone()"
15:04:13,983 (main) DEBUG [DataNucleus.Enhancer] - Adding method "java.util.Set dnGetlogs(class com.github.cc007.lightsaver.datacontroller.storage.StateLog objPC)"
15:04:13,983 (main) DEBUG [DataNucleus.Enhancer] - Adding method "void dnSetlogs(class com.github.cc007.lightsaver.datacontroller.storage.StateLog objPC, interface java.util.Set val)"
15:04:13,983 (main) DEBUG [DataNucleus.Enhancer] - Adding method "java.lang.String dnGetname(class com.github.cc007.lightsaver.datacontroller.storage.StateLog objPC)"
15:04:13,983 (main) DEBUG [DataNucleus.Enhancer] - Adding method "void dnSetname(class com.github.cc007.lightsaver.datacontroller.storage.StateLog objPC, class java.lang.String val)"
15:04:13,984 (main) INFO  [DataNucleus.Enhancer] - Writing class file "C:\Users\Aerylia\Documents\NetBeansProjects\LightSaverMaven\target\classes\com\github\cc007\lightsaver\datacontroller\storage\StateLog.class" with enhanced definition
15:04:13,987 (main) DEBUG [DataNucleus.Enhancer] - Enhance of class "com.github.cc007.lightsaver.datacontroller.storage.StateLog" completed
15:04:13,987 (main) INFO  [DataNucleus.Enhancer] - DataNucleus Enhancer completed with success for 2 classes.
